0 info it worked if it ends with ok
1 verbose cli [ '/usr/local/bin/node',
1 verbose cli   '/usr/local/lib/node_modules/npm/bin/npm-cli.js',
1 verbose cli   'install',
1 verbose cli   '--scripts-prepend-node-path=auto' ]
2 info using npm@2.14.7
3 info using node@v4.2.1
4 verbose readDependencies loading dependencies from /Users/Floris/WebstormProjects/Knip/package.json
5 verbose install where, deps [ '/Users/Floris/WebstormProjects/Knip', [ 'dayjs' ] ]
6 verbose install where, peers [ '/Users/Floris/WebstormProjects/Knip', [] ]
7 verbose installManyTop reading for lifecycle /Users/Floris/WebstormProjects/Knip/package.json
8 info preinstall knip@1.0.0
9 verbose readDependencies loading dependencies from /Users/Floris/WebstormProjects/Knip/package.json
10 silly cache add args [ 'dayjs@^1.9.6', null ]
11 verbose cache add spec dayjs@^1.9.6
12 silly cache add parsed spec Result {
12 silly cache add   raw: 'dayjs@^1.9.6',
12 silly cache add   scope: null,
12 silly cache add   name: 'dayjs',
12 silly cache add   rawSpec: '^1.9.6',
12 silly cache add   spec: '>=1.9.6 <2.0.0',
12 silly cache add   type: 'range' }
13 silly addNamed dayjs@>=1.9.6 <2.0.0
14 verbose addNamed ">=1.9.6 <2.0.0" is a valid semver range for dayjs
15 silly addNameRange { name: 'dayjs', range: '>=1.9.6 <2.0.0', hasData: false }
16 silly mapToRegistry name dayjs
17 silly mapToRegistry using default registry
18 silly mapToRegistry registry https://registry.npmjs.org/
19 silly mapToRegistry uri https://registry.npmjs.org/dayjs
20 verbose addNameRange registry:https://registry.npmjs.org/dayjs not in flight; fetching
21 verbose request uri https://registry.npmjs.org/dayjs
22 verbose request no auth needed
23 info attempt registry request try #1 at 11:09:29 AM
24 verbose request id 32f11a3c7e207214
25 http request GET https://registry.npmjs.org/dayjs
26 http 200 https://registry.npmjs.org/dayjs
27 verbose headers { date: 'Mon, 23 Nov 2020 10:09:29 GMT',
27 verbose headers   'content-type': 'application/json',
27 verbose headers   'transfer-encoding': 'chunked',
27 verbose headers   connection: 'keep-alive',
27 verbose headers   'set-cookie': [ '__cfduid=d6cc064f89b70d290d97ce839e41788c51606126169; expires=Wed, 23-Dec-20 10:09:29 GMT; path=/; domain=.npmjs.org; HttpOnly; SameSite=Lax' ],
27 verbose headers   'cf-ray': '5f6a184f1d8c0bf5-AMS',
27 verbose headers   age: '6379',
27 verbose headers   'cache-control': 'public, max-age=300',
27 verbose headers   etag: 'W/"7e8e978e1eb846a68511514306979d2e"',
27 verbose headers   'last-modified': 'Tue, 10 Nov 2020 06:37:54 GMT',
27 verbose headers   vary: 'accept-encoding, accept',
27 verbose headers   'cf-cache-status': 'HIT',
27 verbose headers   'cf-request-id': '06962d857100000bf591906000000001',
27 verbose headers   'expect-ct': 'max-age=604800, report-uri="https://report-uri.cloudflare.com/cdn-cgi/beacon/expect-ct"',
27 verbose headers   server: 'cloudflare',
27 verbose headers   'content-encoding': 'gzip' }
28 silly get cb [ 200,
28 silly get   { date: 'Mon, 23 Nov 2020 10:09:29 GMT',
28 silly get     'content-type': 'application/json',
28 silly get     'transfer-encoding': 'chunked',
28 silly get     connection: 'keep-alive',
28 silly get     'set-cookie': [ '__cfduid=d6cc064f89b70d290d97ce839e41788c51606126169; expires=Wed, 23-Dec-20 10:09:29 GMT; path=/; domain=.npmjs.org; HttpOnly; SameSite=Lax' ],
28 silly get     'cf-ray': '5f6a184f1d8c0bf5-AMS',
28 silly get     age: '6379',
28 silly get     'cache-control': 'public, max-age=300',
28 silly get     etag: 'W/"7e8e978e1eb846a68511514306979d2e"',
28 silly get     'last-modified': 'Tue, 10 Nov 2020 06:37:54 GMT',
28 silly get     vary: 'accept-encoding, accept',
28 silly get     'cf-cache-status': 'HIT',
28 silly get     'cf-request-id': '06962d857100000bf591906000000001',
28 silly get     'expect-ct': 'max-age=604800, report-uri="https://report-uri.cloudflare.com/cdn-cgi/beacon/expect-ct"',
28 silly get     server: 'cloudflare',
28 silly get     'content-encoding': 'gzip' } ]
29 verbose get saving dayjs to /Users/Floris/.npm/registry.npmjs.org/dayjs/.cache.json
30 silly addNameRange number 2 { name: 'dayjs', range: '>=1.9.6 <2.0.0', hasData: true }
31 silly addNameRange versions [ 'dayjs',
31 silly addNameRange   [ '1.0.0',
31 silly addNameRange     '1.0.1',
31 silly addNameRange     '1.1.0',
31 silly addNameRange     '1.2.0',
31 silly addNameRange     '1.3.0',
31 silly addNameRange     '1.4.0',
31 silly addNameRange     '1.4.1',
31 silly addNameRange     '1.4.2',
31 silly addNameRange     '1.4.3',
31 silly addNameRange     '1.5.0',
31 silly addNameRange     '1.5.1',
31 silly addNameRange     '1.5.2',
31 silly addNameRange     '1.5.3',
31 silly addNameRange     '1.5.4',
31 silly addNameRange     '1.5.5',
31 silly addNameRange     '1.5.6',
31 silly addNameRange     '1.5.8',
31 silly addNameRange     '1.5.9',
31 silly addNameRange     '1.5.10',
31 silly addNameRange     '1.5.11',
31 silly addNameRange     '1.5.12',
31 silly addNameRange     '1.5.13',
31 silly addNameRange     '1.5.14',
31 silly addNameRange     '1.5.15',
31 silly addNameRange     '1.5.16',
31 silly addNameRange     '1.5.17',
31 silly addNameRange     '1.5.18',
31 silly addNameRange     '1.5.19',
31 silly addNameRange     '1.5.20',
31 silly addNameRange     '1.5.21',
31 silly addNameRange     '1.5.22',
31 silly addNameRange     '1.5.23',
31 silly addNameRange     '1.5.24',
31 silly addNameRange     '1.6.0',
31 silly addNameRange     '1.6.1',
31 silly addNameRange     '1.6.2',
31 silly addNameRange     '1.6.3',
31 silly addNameRange     '1.6.4',
31 silly addNameRange     '1.6.5',
31 silly addNameRange     '1.6.6',
31 silly addNameRange     '1.6.7',
31 silly addNameRange     '1.6.8',
31 silly addNameRange     '1.6.9',
31 silly addNameRange     '1.6.10',
31 silly addNameRange     '1.7.0',
31 silly addNameRange     '1.7.1',
31 silly addNameRange     '1.7.2',
31 silly addNameRange     '1.7.3',
31 silly addNameRange     '1.7.4',
31 silly addNameRange     '1.7.5',
31 silly addNameRange     '1.7.6',
31 silly addNameRange     '1.7.7',
31 silly addNameRange     '1.7.8',
31 silly addNameRange     '1.8.0',
31 silly addNameRange     '1.8.1',
31 silly addNameRange     '1.8.2',
31 silly addNameRange     '1.8.3',
31 silly addNameRange     '1.8.4',
31 silly addNameRange     '1.8.5',
31 silly addNameRange     '1.8.6',
31 silly addNameRange     '1.8.7',
31 silly addNameRange     '1.8.8',
31 silly addNameRange     '1.8.9',
31 silly addNameRange     '1.8.10',
31 silly addNameRange     '1.8.11',
31 silly addNameRange     '1.8.12',
31 silly addNameRange     '1.8.13',
31 silly addNameRange     '1.8.14',
31 silly addNameRange     '1.8.15',
31 silly addNameRange     '1.8.16',
31 silly addNameRange     '1.8.17',
31 silly addNameRange     '1.8.18',
31 silly addNameRange     '1.8.19',
31 silly addNameRange     '1.8.20',
31 silly addNameRange     '1.8.21',
31 silly addNameRange     '1.8.22',
31 silly addNameRange     '1.8.23',
31 silly addNameRange     '1.8.24',
31 silly addNameRange     '1.8.25',
31 silly addNameRange     '1.8.26',
31 silly addNameRange     '1.8.27',
31 silly addNameRange     '1.8.28',
31 silly addNameRange     '1.8.29',
31 silly addNameRange     '1.8.30',
31 silly addNameRange     '1.8.31',
31 silly addNameRange     '1.8.32',
31 silly addNameRange     '1.8.33',
31 silly addNameRange     '1.8.34',
31 silly addNameRange     '1.8.35',
31 silly addNameRange     '1.8.36',
31 silly addNameRange     '1.9.0',
31 silly addNameRange     '1.9.1',
31 silly addNameRange     '1.9.2',
31 silly addNameRange     '1.9.3',
31 silly addNameRange     '1.9.4',
31 silly addNameRange     '1.9.5',
31 silly addNameRange     '1.9.6' ] ]
32 silly addNamed dayjs@1.9.6
33 verbose addNamed "1.9.6" is a plain semver version for dayjs
34 silly mapToRegistry name dayjs
35 silly mapToRegistry using default registry
36 silly mapToRegistry registry https://registry.npmjs.org/
37 silly mapToRegistry uri https://registry.npmjs.org/dayjs
38 verbose addRemoteTarball https://registry.npmjs.org/dayjs/-/dayjs-1.9.6.tgz not in flight; adding
39 verbose addRemoteTarball [ 'https://registry.npmjs.org/dayjs/-/dayjs-1.9.6.tgz',
39 verbose addRemoteTarball   '6f0c77d76ac1ff63720dd1197e5cb87b67943d70' ]
40 info retry fetch attempt 1 at 11:09:29 AM
41 info attempt registry request try #1 at 11:09:29 AM
42 http fetch GET https://registry.npmjs.org/dayjs/-/dayjs-1.9.6.tgz
43 http fetch 200 https://registry.npmjs.org/dayjs/-/dayjs-1.9.6.tgz
44 silly fetchAndShaCheck shasum 6f0c77d76ac1ff63720dd1197e5cb87b67943d70
45 verbose addTmpTarball /var/folders/w2/r66zwptd3s90dwpwyg_3zr5h0000gn/T/npm-6767-c5b444b4/registry.npmjs.org/dayjs/-/dayjs-1.9.6.tgz not in flight; adding
46 verbose addTmpTarball already have metadata; skipping unpack for dayjs@1.9.6
47 verbose stack Error: EACCES: permission denied, mkdir '/Users/Floris/.npm/dayjs'
47 verbose stack     at Error (native)
48 verbose cwd /Users/Floris/WebstormProjects/Knip
49 error Darwin 19.6.0
50 error argv "/usr/local/bin/node" "/usr/local/lib/node_modules/npm/bin/npm-cli.js" "install" "--scripts-prepend-node-path=auto"
51 error node v4.2.1
52 error npm  v2.14.7
53 error path /Users/Floris/.npm/dayjs
54 error code EACCES
55 error errno -13
56 error syscall mkdir
57 error Error: EACCES: permission denied, mkdir '/Users/Floris/.npm/dayjs'
57 error     at Error (native)
57 error  { [Error: EACCES: permission denied, mkdir '/Users/Floris/.npm/dayjs']
57 error   errno: -13,
57 error   code: 'EACCES',
57 error   syscall: 'mkdir',
57 error   path: '/Users/Floris/.npm/dayjs',
57 error   parent: 'knip' }
58 error Please try running this command again as root/Administrator.
59 verbose exit [ -13, true ]
